<?xml version="1.0" encoding="UTF-8"?>
<!-- Generated by org.testng.reporters.JUnitReportReporter -->
<testsuite skipped="0" hostname="LNOR070828" name="com.mitthsb.qa.testcases.HomePageTest" tests="1" failures="0" timestamp="28 okt 2019 12:33:20 GMT" time="22.883" errors="0">
  <testcase name="informationIconLikvidaMedelGraphTest" time="22.883" classname="com.mitthsb.qa.testcases.HomePageTest"/>
</testsuite> <!-- com.mitthsb.qa.testcases.HomePageTest -->
