<?xml version="1.0" encoding="UTF-8"?>
<!-- Generated by org.testng.reporters.JUnitReportReporter -->
<testsuite skipped="0" hostname="LNOR070828" name="com.mitthsb.qa.testcases.HomePageSmokeTests" tests="10" failures="0" timestamp="07 nov 2019 10:54:25 GMT" time="10.298" errors="0">
  <testcase name="homePageTitleTest" time="0.055" classname="com.mitthsb.qa.testcases.HomePageSmokeTests"/>
  <testcase name="hsbLogoTest" time="0.159" classname="com.mitthsb.qa.testcases.HomePageSmokeTests"/>
  <testcase name="fastighetenTabTest" time="1.544" classname="com.mitthsb.qa.testcases.HomePageSmokeTests"/>
  <testcase name="mittUpdragLinkTest" time="0.079" classname="com.mitthsb.qa.testcases.HomePageSmokeTests"/>
  <testcase name="dokumentTabTest" time="0.910" classname="com.mitthsb.qa.testcases.HomePageSmokeTests"/>
  <testcase name="ekonomiTabTest" time="3.166" classname="com.mitthsb.qa.testcases.HomePageSmokeTests"/>
  <testcase name="minaSidorlinkTest" time="0.106" classname="com.mitthsb.qa.testcases.HomePageSmokeTests"/>
  <testcase name="nyttLinkTest" time="0.134" classname="com.mitthsb.qa.testcases.HomePageSmokeTests"/>
  <testcase name="adminTabTest" time="4.001" classname="com.mitthsb.qa.testcases.HomePageSmokeTests"/>
  <testcase name="brfDisplayTest" time="0.144" classname="com.mitthsb.qa.testcases.HomePageSmokeTests"/>
</testsuite> <!-- com.mitthsb.qa.testcases.HomePageSmokeTests -->
