<?xml version="1.0" encoding="UTF-8"?>
<!-- Generated by org.testng.reporters.JUnitReportReporter -->
<testsuite skipped="1" hostname="LNOR070828" name="com.mitthsb.qa.testcases.EkonomiPageTest" tests="19" failures="0" timestamp="06 nov 2019 10:02:06 GMT" time="580.287" errors="1">
  <testcase name="clickDigitalWebFakturaButtonTest" time="26.575" classname="com.mitthsb.qa.testcases.EkonomiPageTest"/>
  <testcase name="ekonomiPageTitleTest" time="26.488" classname="com.mitthsb.qa.testcases.EkonomiPageTest"/>
  <testcase name="validatesaldoRapportTest" time="27.025" classname="com.mitthsb.qa.testcases.EkonomiPageTest"/>
  <testcase name="saldoRapportLinkTest" time="41.390" classname="com.mitthsb.qa.testcases.EkonomiPageTest"/>
  <testcase name="validateFinansiellaRapportListItemTest" time="25.624" classname="com.mitthsb.qa.testcases.EkonomiPageTest"/>
  <testcase name="InformationIconLikvidaMedelGraphTest" time="26.656" classname="com.mitthsb.qa.testcases.EkonomiPageTest"/>
  <testcase name="InformationIconCashFlowGraphTest" time="27.610" classname="com.mitthsb.qa.testcases.EkonomiPageTest"/>
  <testcase name="InformationIconDisponiBeltGraphTest" time="26.956" classname="com.mitthsb.qa.testcases.EkonomiPageTest"/>
  <testcase name="InformationIconRapportGenvagarFrameTest" time="30.168" classname="com.mitthsb.qa.testcases.EkonomiPageTest"/>
  <testcase name="clicksaldoRapportGenvagarTest" time="45.721" classname="com.mitthsb.qa.testcases.EkonomiPageTest"/>
  <testcase name="disponibelGraphEkonomiPageTest" time="28.667" classname="com.mitthsb.qa.testcases.EkonomiPageTest"/>
  <testcase name="setUp" time="92.876" classname="com.mitthsb.qa.testcases.EkonomiPageTest">
    <error type="org.openqa.selenium.WebDriverException" message="chrome not reachable
Build info: version: &#039;3.14.0&#039;, revision: &#039;aacccce0&#039;, time: &#039;2018-08-02T20:19:58.91Z&#039;
System info: host: &#039;LNOR070828&#039;, ip: &#039;10.225.99.146&#039;, os.name: &#039;Windows 10&#039;, os.arch: &#039;amd64&#039;, os.version: &#039;10.0&#039;, java.version: &#039;1.8.0_221&#039;
Driver info: driver.version: ChromeDriver
remote stacktrace: Backtrace:
	Ordinal0 [0x00F37C53+1473619]
	Ordinal0 [0x00EBAD71+961905]
	Ordinal0 [0x00E4415C+475484]
	Ordinal0 [0x00E3D997+448919]
	Ordinal0 [0x00DDF007+61447]
	Ordinal0 [0x00DDBC77+48247]
	Ordinal0 [0x00DF9149+168265]
	Ordinal0 [0x00DF8D1D+167197]
	Ordinal0 [0x00DF742B+160811]
	Ordinal0 [0x00DE0AE6+68326]
	Ordinal0 [0x00DE1BF0+72688]
	Ordinal0 [0x00DE1B89+72585]
	Ordinal0 [0x00ED4B37+1067831]
	GetHandleVerifier [0x00FD6845+506677]
	GetHandleVerifier [0x00FD65E0+506064]
	GetHandleVerifier [0x00FDD188+533624]
	GetHandleVerifier [0x00FD701A+508682]
	Ordinal0 [0x00ECC226+1032742]
	Ordinal0 [0x00ECC09F+1032351]
	Ordinal0 [0x00ED6A4B+1075787]
	Ordinal0 [0x00ED6BB3+1076147]
	Ordinal0 [0x00ED5B65+1071973]
	BaseThreadInitThunk [0x771F0419+25]
	RtlGetAppContainerNamedObjectPath [0x775B662D+237]
	RtlGetAppContainerNamedObjectPath [0x775B65FD+189]
">
      <![CDATA[org.openqa.selenium.WebDriverException: chrome not reachable
Build info: version: '3.14.0', revision: 'aacccce0', time: '2018-08-02T20:19:58.91Z'
System info: host: 'LNOR070828', ip: '10.225.99.146', os.name: 'Windows 10', os.arch: 'amd64', os.version: '10.0', java.version: '1.8.0_221'
Driver info: driver.version: ChromeDriver
remote stacktrace: Backtrace:
	Ordinal0 [0x00F37C53+1473619]
	Ordinal0 [0x00EBAD71+961905]
	Ordinal0 [0x00E4415C+475484]
	Ordinal0 [0x00E3D997+448919]
	Ordinal0 [0x00DDF007+61447]
	Ordinal0 [0x00DDBC77+48247]
	Ordinal0 [0x00DF9149+168265]
	Ordinal0 [0x00DF8D1D+167197]
	Ordinal0 [0x00DF742B+160811]
	Ordinal0 [0x00DE0AE6+68326]
	Ordinal0 [0x00DE1BF0+72688]
	Ordinal0 [0x00DE1B89+72585]
	Ordinal0 [0x00ED4B37+1067831]
	GetHandleVerifier [0x00FD6845+506677]
	GetHandleVerifier [0x00FD65E0+506064]
	GetHandleVerifier [0x00FDD188+533624]
	GetHandleVerifier [0x00FD701A+508682]
	Ordinal0 [0x00ECC226+1032742]
	Ordinal0 [0x00ECC09F+1032351]
	Ordinal0 [0x00ED6A4B+1075787]
	Ordinal0 [0x00ED6BB3+1076147]
	Ordinal0 [0x00ED5B65+1071973]
	BaseThreadInitThunk [0x771F0419+25]
	RtlGetAppContainerNamedObjectPath [0x775B662D+237]
	RtlGetAppContainerNamedObjectPath [0x775B65FD+189]

	at sun.reflect.NativeConstructorAccessorImpl.newInstance0(Native Method)
	at sun.reflect.NativeConstructorAccessorImpl.newInstance(Unknown Source)
	at sun.reflect.DelegatingConstructorAccessorImpl.newInstance(Unknown Source)
	at java.lang.reflect.Constructor.newInstance(Unknown Source)
	at org.openqa.selenium.remote.W3CHandshakeResponse.lambda$new$0(W3CHandshakeResponse.java:57)
	at org.openqa.selenium.remote.W3CHandshakeResponse.lambda$getResponseFunction$2(W3CHandshakeResponse.java:104)
	at org.openqa.selenium.remote.ProtocolHandshake.lambda$createSession$0(ProtocolHandshake.java:122)
	at java.util.stream.ReferencePipeline$3$1.accept(Unknown Source)
	at java.util.Spliterators$ArraySpliterator.tryAdvance(Unknown Source)
	at java.util.stream.ReferencePipeline.forEachWithCancel(Unknown Source)
	at java.util.stream.AbstractPipeline.copyIntoWithCancel(Unknown Source)
	at java.util.stream.AbstractPipeline.copyInto(Unknown Source)
	at java.util.stream.AbstractPipeline.wrapAndCopyInto(Unknown Source)
	at java.util.stream.FindOps$FindOp.evaluateSequential(Unknown Source)
	at java.util.stream.AbstractPipeline.evaluate(Unknown Source)
	at java.util.stream.ReferencePipeline.findFirst(Unknown Source)
	at org.openqa.selenium.remote.ProtocolHandshake.createSession(ProtocolHandshake.java:125)
	at org.openqa.selenium.remote.ProtocolHandshake.createSession(ProtocolHandshake.java:73)
	at org.openqa.selenium.remote.HttpCommandExecutor.execute(HttpCommandExecutor.java:136)
	at org.openqa.selenium.remote.service.DriverCommandExecutor.execute(DriverCommandExecutor.java:83)
	at org.openqa.selenium.remote.RemoteWebDriver.execute(RemoteWebDriver.java:548)
	at org.openqa.selenium.remote.RemoteWebDriver.startSession(RemoteWebDriver.java:212)
	at org.openqa.selenium.remote.RemoteWebDriver.<init>(RemoteWebDriver.java:130)
	at org.openqa.selenium.chrome.ChromeDriver.<init>(ChromeDriver.java:181)
	at org.openqa.selenium.chrome.ChromeDriver.<init>(ChromeDriver.java:168)
	at org.openqa.selenium.chrome.ChromeDriver.<init>(ChromeDriver.java:123)
	at com.mitthsb.qa.base.TestBase.initialization(TestBase.java:63)
	at com.mitthsb.qa.testcases.EkonomiPageTest.setUp(EkonomiPageTest.java:52)
	at sun.reflect.NativeMethodAccessorImpl.invoke0(Native Method)
	at sun.reflect.NativeMethodAccessorImpl.invoke(Unknown Source)
	at sun.reflect.DelegatingMethodAccessorImpl.invoke(Unknown Source)
	at java.lang.reflect.Method.invoke(Unknown Source)
	at org.testng.internal.MethodInvocationHelper.invokeMethod(MethodInvocationHelper.java:108)
	at org.testng.internal.Invoker.invokeConfigurationMethod(Invoker.java:523)
	at org.testng.internal.Invoker.invokeConfigurations(Invoker.java:224)
	at org.testng.internal.Invoker.invokeMethod(Invoker.java:599)
	at org.testng.internal.Invoker.invokeTestMethod(Invoker.java:869)
	at org.testng.internal.Invoker.invokeTestMethods(Invoker.java:1193)
	at org.testng.internal.TestMethodWorker.invokeTestMethods(TestMethodWorker.java:126)
	at org.testng.internal.TestMethodWorker.run(TestMethodWorker.java:109)
	at org.testng.TestRunner.privateRun(TestRunner.java:744)
	at org.testng.TestRunner.run(TestRunner.java:602)
	at org.testng.SuiteRunner.runTest(SuiteRunner.java:380)
	at org.testng.SuiteRunner.runSequentially(SuiteRunner.java:375)
	at org.testng.SuiteRunner.privateRun(SuiteRunner.java:340)
	at org.testng.SuiteRunner.run(SuiteRunner.java:289)
	at org.testng.SuiteRunnerWorker.runSuite(SuiteRunnerWorker.java:52)
	at org.testng.SuiteRunnerWorker.run(SuiteRunnerWorker.java:86)
	at org.testng.TestNG.runSuitesSequentially(TestNG.java:1301)
	at org.testng.TestNG.runSuitesLocally(TestNG.java:1226)
	at org.testng.TestNG.runSuites(TestNG.java:1144)
	at org.testng.TestNG.run(TestNG.java:1115)
	at org.testng.remote.AbstractRemoteTestNG.run(AbstractRemoteTestNG.java:115)
	at org.testng.remote.RemoteTestNG.initAndRun(RemoteTestNG.java:251)
	at org.testng.remote.RemoteTestNG.main(RemoteTestNG.java:77)
]]>
    </error>
  </testcase> <!-- setUp -->
  <testcase name="likvidaMedelGraphEkonomiPageTest" time="26.345" classname="com.mitthsb.qa.testcases.EkonomiPageTest"/>
  <testcase name="validateAllaFakturorListItemTest" time="25.964" classname="com.mitthsb.qa.testcases.EkonomiPageTest">
    <skipped/>
  </testcase> <!-- validateAllaFakturorListItemTest -->
  <testcase name="reportGenvagarDisplayTest" time="36.779" classname="com.mitthsb.qa.testcases.EkonomiPageTest"/>
  <testcase name="allaFakturorListItemTest" time="33.538" classname="com.mitthsb.qa.testcases.EkonomiPageTest"/>
  <testcase name="cashFlowGraphEkonomiPageTest" time="24.571" classname="com.mitthsb.qa.testcases.EkonomiPageTest"/>
  <testcase name="accountsReceivablesGraphEkonomiPageTest" time="0.018" classname="com.mitthsb.qa.testcases.EkonomiPageTest"/>
  <testcase name="finansiellaRapporterTest" time="7.316" classname="com.mitthsb.qa.testcases.EkonomiPageTest"/>
</testsuite> <!-- com.mitthsb.qa.testcases.EkonomiPageTest -->
