<?xml version="1.0" encoding="UTF-8"?>
<!-- Generated by org.testng.reporters.JUnitReportReporter -->
<testsuite skipped="0" hostname="LNOR070828" name="com.mitthsb.qa.testcases.EkonomiPageTest" tests="7" failures="0" timestamp="24 sep 2019 14:13:50 GMT" time="53.649" errors="0">
  <testcase name="ekonomiPageTitleTest" time="0.009" classname="com.mitthsb.qa.testcases.EkonomiPageTest"/>
  <testcase name="validateAllaFakturorListItemTest" time="0.068" classname="com.mitthsb.qa.testcases.EkonomiPageTest"/>
  <testcase name="validateFinansiellaRapportListItemTest" time="0.057" classname="com.mitthsb.qa.testcases.EkonomiPageTest"/>
  <testcase name="validatesaldoRapportTest" time="0.060" classname="com.mitthsb.qa.testcases.EkonomiPageTest"/>
  <testcase name="saldoRapportLinkTest" time="5.285" classname="com.mitthsb.qa.testcases.EkonomiPageTest"/>
  <testcase name="finansiellaRapporterTest" time="32.332" classname="com.mitthsb.qa.testcases.EkonomiPageTest"/>
  <testcase name="allaFakturorListItemTest" time="15.838" classname="com.mitthsb.qa.testcases.EkonomiPageTest"/>
</testsuite> <!-- com.mitthsb.qa.testcases.EkonomiPageTest -->
