<?xml version="1.0" encoding="UTF-8"?>
<!-- Generated by org.testng.reporters.JUnitReportReporter -->
<testsuite skipped="0" hostname="LNOR070828" name="com.mitthsb.qa.testcases.AdministrationPageTest" tests="4" failures="0" timestamp="05 nov 2019 12:17:54 GMT" time="148.633" errors="0">
  <testcase name="displayKalenderEventHomePageTest" time="26.965" classname="com.mitthsb.qa.testcases.AdministrationPageTest"/>
  <testcase name="skapaKalenderTest" time="36.973" classname="com.mitthsb.qa.testcases.AdministrationPageTest"/>
  <testcase name="adminPageTitleTest" time="25.599" classname="com.mitthsb.qa.testcases.AdministrationPageTest"/>
  <testcase name="deleteKalenderTest" time="59.096" classname="com.mitthsb.qa.testcases.AdministrationPageTest"/>
</testsuite> <!-- com.mitthsb.qa.testcases.AdministrationPageTest -->
