<?xml version="1.0" encoding="UTF-8"?>
<!-- Generated by org.testng.reporters.JUnitReportReporter -->
<testsuite skipped="0" hostname="LNOR070828" name="com.mitthsb.qa.testcases.HomePageTest" tests="2" failures="0" timestamp="04 nov 2019 12:57:28 GMT" time="47.500" errors="0">
  <testcase name="dokumentTabTest" time="22.171" classname="com.mitthsb.qa.testcases.HomePageTest"/>
  <testcase name="fastighetenTabTest" time="25.329" classname="com.mitthsb.qa.testcases.HomePageTest"/>
</testsuite> <!-- com.mitthsb.qa.testcases.HomePageTest -->
