<?xml version="1.0" encoding="UTF-8"?>
<!-- Generated by org.testng.reporters.JUnitReportReporter -->
<testsuite hostname="LNOR070828" failures="0" tests="7" name="com.mitthsb.qa.testcases.HomePageTest" time="7.731" errors="0" timestamp="18 okt. 2019 12:24:33 GMT" skipped="0">
  <testcase classname="com.mitthsb.qa.testcases.HomePageTest" name="homePageTitleTest" time="0.059"/>
  <testcase classname="com.mitthsb.qa.testcases.HomePageTest" name="nyttLinkTest" time="0.033"/>
  <testcase classname="com.mitthsb.qa.testcases.HomePageTest" name="fakturorDisplayTest" time="0.030"/>
  <testcase classname="com.mitthsb.qa.testcases.HomePageTest" name="adminTabTest" time="1.953"/>
  <testcase classname="com.mitthsb.qa.testcases.HomePageTest" name="fastighetenTabTest" time="1.786"/>
  <testcase classname="com.mitthsb.qa.testcases.HomePageTest" name="dokumentTabTest" time="0.487"/>
  <testcase classname="com.mitthsb.qa.testcases.HomePageTest" name="ekonomiTabTest" time="3.383"/>
</testsuite> <!-- com.mitthsb.qa.testcases.HomePageTest -->
