<?xml version="1.0" encoding="UTF-8"?>
<!-- Generated by org.testng.reporters.JUnitReportReporter -->
<testsuite skipped="0" hostname="LNOR070828" name="com.mitthsb.qa.testcases.EkonomiPageTest" tests="1" failures="0" timestamp="29 okt 2019 13:48:16 GMT" time="27.858" errors="0">
  <testcase name="clickDigitalWebFakturaButtonTest" time="27.858" classname="com.mitthsb.qa.testcases.EkonomiPageTest"/>
</testsuite> <!-- com.mitthsb.qa.testcases.EkonomiPageTest -->
