<?xml version="1.0" encoding="UTF-8"?>
<!-- Generated by org.testng.reporters.JUnitReportReporter -->
<testsuite skipped="0" hostname="LNOR070828" name="com.mitthsb.qa.testcases.HomePageTest" tests="1" failures="0" timestamp="01 nov 2019 13:04:52 GMT" time="28.280" errors="0">
  <testcase name="EkonomiGenvagarLinkTest" time="28.280" classname="com.mitthsb.qa.testcases.HomePageTest"/>
</testsuite> <!-- com.mitthsb.qa.testcases.HomePageTest -->
