<?xml version="1.0" encoding="UTF-8"?>
<!-- Generated by org.testng.reporters.JUnitReportReporter -->
<testsuite skipped="0" hostname="LNOR070828" name="com.mitthsb.qa.testcases.EkonomiPageSmokeTests" tests="3" failures="0" timestamp="07 nov 2019 10:54:25 GMT" time="10.371" errors="0">
  <testcase name="validateAllaFakturorListItemTest" time="2.824" classname="com.mitthsb.qa.testcases.EkonomiPageSmokeTests"/>
  <testcase name="validateFinansiellaRapportListItemTest" time="4.014" classname="com.mitthsb.qa.testcases.EkonomiPageSmokeTests"/>
  <testcase name="ekonomiPageTitleTest" time="3.533" classname="com.mitthsb.qa.testcases.EkonomiPageSmokeTests"/>
</testsuite> <!-- com.mitthsb.qa.testcases.EkonomiPageSmokeTests -->
