<?xml version="1.0" encoding="UTF-8"?>
<!-- Generated by org.testng.reporters.JUnitReportReporter -->
<testsuite skipped="0" hostname="LNOR070828" name="com.mitthsb.qa.testcases.MinaSidorPageTest" tests="2" failures="0" timestamp="06 nov 2019 09:34:06 GMT" time="115.523" errors="0">
  <testcase name="deleteKalenderHandelseMinaSidorPage" time="67.409" classname="com.mitthsb.qa.testcases.MinaSidorPageTest"/>
  <testcase name="goTillKalenderAndCreateKalenderEvent" time="48.114" classname="com.mitthsb.qa.testcases.MinaSidorPageTest"/>
</testsuite> <!-- com.mitthsb.qa.testcases.MinaSidorPageTest -->
