<?xml version="1.0" encoding="UTF-8"?>
<!-- Generated by org.testng.reporters.JUnitReportReporter -->
<testsuite skipped="0" hostname="LNOR070828" name="com.mitthsb.qa.testcases.AdministrationPageTest" tests="4" failures="0" timestamp="07 nov 2019 13:55:54 GMT" time="78.230" errors="0">
  <testcase name="adminPageTitleTest" time="8.141" classname="com.mitthsb.qa.testcases.AdministrationPageTest"/>
  <testcase name="deleteKalenderTest" time="40.787" classname="com.mitthsb.qa.testcases.AdministrationPageTest"/>
  <testcase name="displayKalenderEventHomePageTest" time="8.017" classname="com.mitthsb.qa.testcases.AdministrationPageTest"/>
  <testcase name="skapaKalenderTest" time="21.285" classname="com.mitthsb.qa.testcases.AdministrationPageTest"/>
</testsuite> <!-- com.mitthsb.qa.testcases.AdministrationPageTest -->
