<?xml version="1.0" encoding="UTF-8"?>
<!-- Generated by org.testng.reporters.JUnitReportReporter -->
<testsuite skipped="0" hostname="LNOR070828" name="com.mitthsb.qa.testcases.AdministrationPageTest" tests="3" failures="0" timestamp="25 okt 2019 07:31:19 GMT" time="82.004" errors="0">
  <testcase name="deleteKalenderTest" time="24.757" classname="com.mitthsb.qa.testcases.AdministrationPageTest"/>
  <testcase name="displayKalenderEventHomePageTest" time="21.212" classname="com.mitthsb.qa.testcases.AdministrationPageTest"/>
  <testcase name="skapaKalenderTest" time="36.035" classname="com.mitthsb.qa.testcases.AdministrationPageTest"/>
</testsuite> <!-- com.mitthsb.qa.testcases.AdministrationPageTest -->
