<?xml version="1.0" encoding="UTF-8"?>
<!-- Generated by org.testng.reporters.JUnitReportReporter -->
<testsuite skipped="0" hostname="LNOR070828" name="com.mitthsb.qa.testcases.EkonomiPageTest" tests="2" failures="0" timestamp="29 okt 2019 12:37:02 GMT" time="52.105" errors="0">
  <testcase name="allaFakturorListItemTest" time="24.909" classname="com.mitthsb.qa.testcases.EkonomiPageTest"/>
  <testcase name="finansiellaRapporterTest" time="27.196" classname="com.mitthsb.qa.testcases.EkonomiPageTest"/>
</testsuite> <!-- com.mitthsb.qa.testcases.EkonomiPageTest -->
