<?xml version="1.0" encoding="UTF-8"?>
<!-- Generated by org.testng.reporters.JUnitReportReporter -->
<testsuite skipped="0" hostname="LNOR070828" name="com.mitthsb.qa.testcases.MinaSidorPageTest" tests="2" failures="0" timestamp="07 nov 2019 14:05:02 GMT" time="74.201" errors="0">
  <testcase name="goTillKalenderAndCreateKalenderEvent" time="30.433" classname="com.mitthsb.qa.testcases.MinaSidorPageTest"/>
  <testcase name="deleteKalenderHandelseMinaSidorPage" time="43.768" classname="com.mitthsb.qa.testcases.MinaSidorPageTest"/>
</testsuite> <!-- com.mitthsb.qa.testcases.MinaSidorPageTest -->
