<?xml version="1.0" encoding="UTF-8"?>
<!-- Generated by org.testng.reporters.JUnitReportReporter -->
<testsuite skipped="0" hostname="LNOR070828" name="com.mitthsb.qa.testcases.MinaSidorPageTest" tests="8" failures="0" timestamp="07 nov 2019 14:02:23 GMT" time="55.636" errors="0">
  <testcase name="sokBostadTabDisplayTest" time="6.862" classname="com.mitthsb.qa.testcases.MinaSidorPageTest"/>
  <testcase name="medelemskapTabDisplayTest" time="6.543" classname="com.mitthsb.qa.testcases.MinaSidorPageTest"/>
  <testcase name="minBostadTabDisplayTest" time="6.642" classname="com.mitthsb.qa.testcases.MinaSidorPageTest"/>
  <testcase name="minaSidorTitleTest" time="9.204" classname="com.mitthsb.qa.testcases.MinaSidorPageTest"/>
  <testcase name="minProfileTabDisplayTest" time="6.395" classname="com.mitthsb.qa.testcases.MinaSidorPageTest"/>
  <testcase name="bosparTabDisplayTest" time="6.972" classname="com.mitthsb.qa.testcases.MinaSidorPageTest"/>
  <testcase name="arendenTabDisplayTest" time="6.346" classname="com.mitthsb.qa.testcases.MinaSidorPageTest"/>
  <testcase name="brfLandingTabDisplayTest" time="6.672" classname="com.mitthsb.qa.testcases.MinaSidorPageTest"/>
</testsuite> <!-- com.mitthsb.qa.testcases.MinaSidorPageTest -->
