<?xml version="1.0" encoding="UTF-8"?>
<!-- Generated by org.testng.reporters.JUnitReportReporter -->
<testsuite skipped="0" hostname="LNOR070828" name="com.mitthsb.qa.testcases.EkonomiPageTest" tests="1" failures="0" timestamp="04 nov 2019 09:49:32 GMT" time="24.879" errors="0">
  <testcase name="ekonomiPageTitleTest" time="24.879" classname="com.mitthsb.qa.testcases.EkonomiPageTest"/>
</testsuite> <!-- com.mitthsb.qa.testcases.EkonomiPageTest -->
