<?xml version="1.0" encoding="UTF-8"?>
<!-- Generated by org.testng.reporters.JUnitReportReporter -->
<testsuite skipped="0" hostname="LNOR070828" name="com.mitthsb.qa.testcases.AdministrationPageTest" tests="3" failures="0" timestamp="06 nov 2019 08:30:51 GMT" time="124.023" errors="0">
  <testcase name="skapaKalenderTest" time="34.654" classname="com.mitthsb.qa.testcases.AdministrationPageTest"/>
  <testcase name="deleteKalenderTest" time="59.710" classname="com.mitthsb.qa.testcases.AdministrationPageTest"/>
  <testcase name="displayKalenderEventHomePageTest" time="29.659" classname="com.mitthsb.qa.testcases.AdministrationPageTest"/>
</testsuite> <!-- com.mitthsb.qa.testcases.AdministrationPageTest -->
