<?xml version="1.0" encoding="UTF-8"?>
<!-- Generated by org.testng.reporters.JUnitReportReporter -->
<testsuite skipped="0" hostname="LNOR070828" name="com.mitthsb.qa.testcases.HomePageTest" tests="1" failures="0" timestamp="29 okt 2019 12:33:17 GMT" time="21.330" errors="0">
  <testcase name="brfDisplayTest" time="21.330" classname="com.mitthsb.qa.testcases.HomePageTest"/>
</testsuite> <!-- com.mitthsb.qa.testcases.HomePageTest -->
