<?xml version="1.0" encoding="UTF-8"?>
<!-- Generated by org.testng.reporters.JUnitReportReporter -->
<testsuite hostname="LNOR070828" failures="0" tests="3" name="com.mitthsb.qa.testcases.LoginPageJsonReaserTest" time="41.184" errors="0" timestamp="11 okt. 2019 13:44:39 GMT" skipped="0">
  <testcase classname="com.mitthsb.qa.testcases.LoginPageJsonReaserTest" name="login" time="12.852"/>
  <testcase classname="com.mitthsb.qa.testcases.LoginPageJsonReaserTest" name="login" time="14.161"/>
  <testcase classname="com.mitthsb.qa.testcases.LoginPageJsonReaserTest" name="login" time="14.171"/>
</testsuite> <!-- com.mitthsb.qa.testcases.LoginPageJsonReaserTest -->
