<?xml version="1.0" encoding="UTF-8"?>
<!-- Generated by org.testng.reporters.JUnitReportReporter -->
<testsuite skipped="0" hostname="LNOR070828" name="com.mitthsb.qa.testcases.EkonomiPageTest" tests="3" failures="0" timestamp="07 nov 2019 14:02:23 GMT" time="19.886" errors="0">
  <testcase name="validateAllaFakturorListItemTest" time="6.253" classname="com.mitthsb.qa.testcases.EkonomiPageTest"/>
  <testcase name="validateFinansiellaRapportListItemTest" time="7.258" classname="com.mitthsb.qa.testcases.EkonomiPageTest"/>
  <testcase name="ekonomiPageTitleTest" time="6.375" classname="com.mitthsb.qa.testcases.EkonomiPageTest"/>
</testsuite> <!-- com.mitthsb.qa.testcases.EkonomiPageTest -->
