<?xml version="1.0" encoding="UTF-8"?>
<!-- Generated by org.testng.reporters.JUnitReportReporter -->
<testsuite skipped="0" hostname="LNOR070828" name="com.mitthsb.qa.testcases.AdministrationPageTest" tests="3" failures="0" timestamp="29 okt 2019 10:54:12 GMT" time="90.013" errors="0">
  <testcase name="displayKalenderEventHomePageTest" time="21.821" classname="com.mitthsb.qa.testcases.AdministrationPageTest"/>
  <testcase name="skapaKalenderTest" time="38.168" classname="com.mitthsb.qa.testcases.AdministrationPageTest"/>
  <testcase name="deleteKalenderTest" time="30.024" classname="com.mitthsb.qa.testcases.AdministrationPageTest"/>
</testsuite> <!-- com.mitthsb.qa.testcases.AdministrationPageTest -->
