<?xml version="1.0" encoding="UTF-8"?>
<!-- Generated by org.testng.reporters.JUnitReportReporter -->
<testsuite skipped="0" hostname="LNOR070828" name="com.mitthsb.qa.testcases.EkonomiPageTest" tests="1" failures="0" timestamp="30 okt 2019 13:11:26 GMT" time="32.860" errors="0">
  <testcase name="disponibelGraphEkonomiPageTest" time="32.860" classname="com.mitthsb.qa.testcases.EkonomiPageTest"/>
</testsuite> <!-- com.mitthsb.qa.testcases.EkonomiPageTest -->
