<?xml version="1.0" encoding="UTF-8"?>
<!-- Generated by org.testng.reporters.JUnitReportReporter -->
<testsuite skipped="0" hostname="LNOR070828" name="com.mitthsb.qa.testcases.EkonomiPageTest" tests="4" failures="0" timestamp="28 okt 2019 14:17:46 GMT" time="111.852" errors="0">
  <testcase name="InformationIconCashFlowGraphTest" time="27.258" classname="com.mitthsb.qa.testcases.EkonomiPageTest"/>
  <testcase name="InformationIconDisponiBeltGraphTest" time="27.318" classname="com.mitthsb.qa.testcases.EkonomiPageTest"/>
  <testcase name="InformationIconLikvidaMedelGraphTest" time="29.815" classname="com.mitthsb.qa.testcases.EkonomiPageTest"/>
  <testcase name="InformationIconRapportGenvagarFrameTest" time="27.461" classname="com.mitthsb.qa.testcases.EkonomiPageTest"/>
</testsuite> <!-- com.mitthsb.qa.testcases.EkonomiPageTest -->
