<?xml version="1.0" encoding="UTF-8"?>
<!-- Generated by org.testng.reporters.JUnitReportReporter -->
<testsuite skipped="0" hostname="LNOR070828" name="com.mitthsb.qa.testcases.MinaSidorPageTest" tests="1" failures="0" timestamp="05 nov 2019 13:45:06 GMT" time="48.829" errors="0">
  <testcase name="genvagarLinkMinaSidorTest" time="48.829" classname="com.mitthsb.qa.testcases.MinaSidorPageTest"/>
</testsuite> <!-- com.mitthsb.qa.testcases.MinaSidorPageTest -->
