<?xml version="1.0" encoding="UTF-8"?>
<!-- Generated by org.testng.reporters.JUnitReportReporter -->
<testsuite skipped="0" hostname="LNOR070828" name="com.mitthsb.qa.testcases.EkonomiPageTest" tests="18" failures="0" timestamp="04 nov 2019 12:36:53 GMT" time="484.267" errors="0">
  <testcase name="clickDigitalWebFakturaButtonTest" time="29.125" classname="com.mitthsb.qa.testcases.EkonomiPageTest"/>
  <testcase name="InformationIconCashFlowGraphTest" time="24.638" classname="com.mitthsb.qa.testcases.EkonomiPageTest"/>
  <testcase name="cashFlowGraphEkonomiPageTest" time="26.170" classname="com.mitthsb.qa.testcases.EkonomiPageTest"/>
  <testcase name="saldoRapportLinkTest" time="28.430" classname="com.mitthsb.qa.testcases.EkonomiPageTest"/>
  <testcase name="InformationIconLikvidaMedelGraphTest" time="27.683" classname="com.mitthsb.qa.testcases.EkonomiPageTest"/>
  <testcase name="InformationIconRapportGenvagarFrameTest" time="25.078" classname="com.mitthsb.qa.testcases.EkonomiPageTest"/>
  <testcase name="ekonomiPageTitleTest" time="24.377" classname="com.mitthsb.qa.testcases.EkonomiPageTest"/>
  <testcase name="reportGenvagarDisplayTest" time="25.324" classname="com.mitthsb.qa.testcases.EkonomiPageTest"/>
  <testcase name="validateAllaFakturorListItemTest" time="25.456" classname="com.mitthsb.qa.testcases.EkonomiPageTest"/>
  <testcase name="accountsReceivablesGraphEkonomiPageTest" time="26.750" classname="com.mitthsb.qa.testcases.EkonomiPageTest"/>
  <testcase name="validateFinansiellaRapportListItemTest" time="23.904" classname="com.mitthsb.qa.testcases.EkonomiPageTest"/>
  <testcase name="finansiellaRapporterTest" time="27.627" classname="com.mitthsb.qa.testcases.EkonomiPageTest"/>
  <testcase name="likvidaMedelGraphEkonomiPageTest" time="38.388" classname="com.mitthsb.qa.testcases.EkonomiPageTest"/>
  <testcase name="InformationIconDisponiBeltGraphTest" time="24.783" classname="com.mitthsb.qa.testcases.EkonomiPageTest"/>
  <testcase name="disponibelGraphEkonomiPageTest" time="26.996" classname="com.mitthsb.qa.testcases.EkonomiPageTest"/>
  <testcase name="validatesaldoRapportTest" time="26.458" classname="com.mitthsb.qa.testcases.EkonomiPageTest"/>
  <testcase name="allaFakturorListItemTest" time="24.260" classname="com.mitthsb.qa.testcases.EkonomiPageTest"/>
  <testcase name="clicksaldoRapportGenvagarTest" time="28.820" classname="com.mitthsb.qa.testcases.EkonomiPageTest"/>
</testsuite> <!-- com.mitthsb.qa.testcases.EkonomiPageTest -->
