<?xml version="1.0" encoding="UTF-8"?>
<!-- Generated by org.testng.reporters.JUnitReportReporter -->
<testsuite skipped="0" hostname="LNOR070828" name="com.mitthsb.qa.testcases.HomePageTest" tests="10" failures="0" timestamp="07 nov 2019 14:02:23 GMT" time="129.302" errors="0">
  <testcase name="adminTabTest" time="15.529" classname="com.mitthsb.qa.testcases.HomePageTest"/>
  <testcase name="dokumentTabTest" time="12.042" classname="com.mitthsb.qa.testcases.HomePageTest"/>
  <testcase name="minaSidorlinkTest" time="11.907" classname="com.mitthsb.qa.testcases.HomePageTest"/>
  <testcase name="hsbLogoTest" time="12.553" classname="com.mitthsb.qa.testcases.HomePageTest"/>
  <testcase name="fastighetenTabTest" time="16.593" classname="com.mitthsb.qa.testcases.HomePageTest"/>
  <testcase name="nyttLinkTest" time="11.382" classname="com.mitthsb.qa.testcases.HomePageTest"/>
  <testcase name="brfDisplayTest" time="11.712" classname="com.mitthsb.qa.testcases.HomePageTest"/>
  <testcase name="mittUpdragLinkTest" time="11.598" classname="com.mitthsb.qa.testcases.HomePageTest"/>
  <testcase name="homePageTitleTest" time="11.364" classname="com.mitthsb.qa.testcases.HomePageTest"/>
  <testcase name="ekonomiTabTest" time="14.622" classname="com.mitthsb.qa.testcases.HomePageTest"/>
</testsuite> <!-- com.mitthsb.qa.testcases.HomePageTest -->
