<?xml version="1.0" encoding="UTF-8"?>
<!-- Generated by org.testng.reporters.JUnitReportReporter -->
<testsuite hostname="LNOR070828" failures="0" tests="18" name="com.mitthsb.qa.testcases.HomePageTest" time="36.308" errors="1" timestamp="04 okt. 2019 12:40:40 GMT" skipped="17">
  <testcase classname="com.mitthsb.qa.testcases.HomePageTest" name="setUp" time="36.308">
    <error message="Expected condition failed: waiting for visibility of element located by By.xpath: //div[@class=&#039;content no-max-width gradient-bg col-12&#039;] (tried for 10 second(s) with 500 milliseconds interval)" type="org.openqa.selenium.TimeoutException">
      <![CDATA[org.openqa.selenium.TimeoutException: Expected condition failed: waiting for visibility of element located by By.xpath: //div[@class='content no-max-width gradient-bg col-12'] (tried for 10 second(s) with 500 milliseconds interval)
	at org.openqa.selenium.support.ui.WebDriverWait.timeoutException(WebDriverWait.java:113)
	at org.openqa.selenium.support.ui.FluentWait.until(FluentWait.java:283)
	at com.mitthsb.qa.pages.Loginpage.login(Loginpage.java:79)
	at com.mitthsb.qa.testcases.HomePageTest.setUp(HomePageTest.java:59)
	at java.base/jdk.internal.reflect.NativeMethodAccessorImpl.invoke0(Native Method)
	at java.base/jdk.internal.reflect.NativeMethodAccessorImpl.invoke(NativeMethodAccessorImpl.java:62)
	at java.base/jdk.internal.reflect.DelegatingMethodAccessorImpl.invoke(DelegatingMethodAccessorImpl.java:43)
	at java.base/java.lang.reflect.Method.invoke(Method.java:567)
	at org.testng.internal.MethodInvocationHelper.invokeMethod(MethodInvocationHelper.java:108)
	at org.testng.internal.Invoker.invokeConfigurationMethod(Invoker.java:523)
	at org.testng.internal.Invoker.invokeConfigurations(Invoker.java:224)
	at org.testng.internal.Invoker.invokeConfigurations(Invoker.java:146)
	at org.testng.TestRunner.beforeRun(TestRunner.java:626)
	at org.testng.TestRunner.run(TestRunner.java:594)
	at org.testng.SuiteRunner.runTest(SuiteRunner.java:380)
	at org.testng.SuiteRunner.runSequentially(SuiteRunner.java:375)
	at org.testng.SuiteRunner.privateRun(SuiteRunner.java:340)
	at org.testng.SuiteRunner.run(SuiteRunner.java:289)
	at org.testng.SuiteRunnerWorker.runSuite(SuiteRunnerWorker.java:52)
	at org.testng.SuiteRunnerWorker.run(SuiteRunnerWorker.java:86)
	at org.testng.TestNG.runSuitesSequentially(TestNG.java:1301)
	at org.testng.TestNG.runSuitesLocally(TestNG.java:1226)
	at org.testng.TestNG.runSuites(TestNG.java:1144)
	at org.testng.TestNG.run(TestNG.java:1115)
	at org.testng.remote.AbstractRemoteTestNG.run(AbstractRemoteTestNG.java:115)
	at org.testng.remote.RemoteTestNG.initAndRun(RemoteTestNG.java:251)
	at org.testng.remote.RemoteTestNG.main(RemoteTestNG.java:77)
Caused by: org.openqa.selenium.NoSuchElementException: Cannot locate an element using By.xpath: //div[@class='content no-max-width gradient-bg col-12']
For documentation on this error, please visit: http://seleniumhq.org/exceptions/no_such_element.html
Build info: version: '3.14.0', revision: 'aacccce0', time: '2018-08-02T20:19:58.91Z'
System info: host: 'LNOR070828', ip: '10.225.99.138', os.name: 'Windows 10', os.arch: 'amd64', os.version: '10.0', java.version: '13'
Driver info: driver.version: unknown
	at org.openqa.selenium.support.ui.ExpectedConditions.lambda$findElement$0(ExpectedConditions.java:896)
	at java.base/java.util.Optional.orElseThrow(Optional.java:401)
	at org.openqa.selenium.support.ui.ExpectedConditions.findElement(ExpectedConditions.java:895)
	at org.openqa.selenium.support.ui.ExpectedConditions.access$000(ExpectedConditions.java:44)
	at org.openqa.selenium.support.ui.ExpectedConditions$7.apply(ExpectedConditions.java:206)
	at org.openqa.selenium.support.ui.ExpectedConditions$7.apply(ExpectedConditions.java:202)
	at org.openqa.selenium.support.ui.FluentWait.until(FluentWait.java:260)
	... 25 more
]]>
    </error>
  </testcase> <!-- setUp -->
  <testcase classname="com.mitthsb.qa.testcases.HomePageTest" name="homePageTitleTest" time="0.000">
    <skipped/>
  </testcase> <!-- homePageTitleTest -->
  <testcase classname="com.mitthsb.qa.testcases.HomePageTest" name="mittUpdragLinkTest" time="0.000">
    <skipped/>
  </testcase> <!-- mittUpdragLinkTest -->
  <testcase classname="com.mitthsb.qa.testcases.HomePageTest" name="validateMinaSidorlinkTest" time="0.000">
    <skipped/>
  </testcase> <!-- validateMinaSidorlinkTest -->
  <testcase classname="com.mitthsb.qa.testcases.HomePageTest" name="nyttLinkTest" time="0.000">
    <skipped/>
  </testcase> <!-- nyttLinkTest -->
  <testcase classname="com.mitthsb.qa.testcases.HomePageTest" name="fakturorDisplayTest" time="0.000">
    <skipped/>
  </testcase> <!-- fakturorDisplayTest -->
  <testcase classname="com.mitthsb.qa.testcases.HomePageTest" name="adminTabTest" time="0.000">
    <skipped/>
  </testcase> <!-- adminTabTest -->
  <testcase classname="com.mitthsb.qa.testcases.HomePageTest" name="fastighetenTabTest" time="0.000">
    <skipped/>
  </testcase> <!-- fastighetenTabTest -->
  <testcase classname="com.mitthsb.qa.testcases.HomePageTest" name="dokumentTabTest" time="0.000">
    <skipped/>
  </testcase> <!-- dokumentTabTest -->
  <testcase classname="com.mitthsb.qa.testcases.HomePageTest" name="ekonomiTabTest" time="0.000">
    <skipped/>
  </testcase> <!-- ekonomiTabTest -->
  <testcase classname="com.mitthsb.qa.testcases.HomePageTest" name="clickMinaSidorLinkTest" time="0.000">
    <skipped/>
  </testcase> <!-- clickMinaSidorLinkTest -->
  <testcase classname="com.mitthsb.qa.testcases.HomePageTest" name="brfFacklanPageTest" time="0.000">
    <skipped/>
  </testcase> <!-- brfFacklanPageTest -->
  <testcase classname="com.mitthsb.qa.testcases.HomePageTest" name="arendenAndFelanmalanPageTest" time="0.000">
    <skipped/>
  </testcase> <!-- arendenAndFelanmalanPageTest -->
  <testcase classname="com.mitthsb.qa.testcases.HomePageTest" name="minBostadTabTest" time="0.000">
    <skipped/>
  </testcase> <!-- minBostadTabTest -->
  <testcase classname="com.mitthsb.qa.testcases.HomePageTest" name="bosparTabTest" time="0.000">
    <skipped/>
  </testcase> <!-- bosparTabTest -->
  <testcase classname="com.mitthsb.qa.testcases.HomePageTest" name="medlemskapetTabTest" time="0.000">
    <skipped/>
  </testcase> <!-- medlemskapetTabTest -->
  <testcase classname="com.mitthsb.qa.testcases.HomePageTest" name="sokBostadTabTest" time="0.000">
    <skipped/>
  </testcase> <!-- sokBostadTabTest -->
  <testcase classname="com.mitthsb.qa.testcases.HomePageTest" name="minProfilTabTest" time="0.000">
    <skipped/>
  </testcase> <!-- minProfilTabTest -->
</testsuite> <!-- com.mitthsb.qa.testcases.HomePageTest -->
