<?xml version="1.0" encoding="UTF-8"?>
<!-- Generated by org.testng.reporters.JUnitReportReporter -->
<testsuite skipped="0" hostname="LNOR070828" name="com.mitthsb.qa.testcases.HomePageTest" tests="23" failures="0" timestamp="05 nov 2019 11:23:48 GMT" time="623.125" errors="0">
  <testcase name="informationIconLikvidaMedelGraphTest" time="21.288" classname="com.mitthsb.qa.testcases.HomePageTest"/>
  <testcase name="hsbLogoTest" time="21.671" classname="com.mitthsb.qa.testcases.HomePageTest"/>
  <testcase name="senatste7HandelserFrameTest" time="23.265" classname="com.mitthsb.qa.testcases.HomePageTest"/>
  <testcase name="ekonomiOversiktGraphTest" time="21.786" classname="com.mitthsb.qa.testcases.HomePageTest"/>
  <testcase name="fastighetenTabTest" time="30.839" classname="com.mitthsb.qa.testcases.HomePageTest"/>
  <testcase name="dokumentTabTest" time="22.607" classname="com.mitthsb.qa.testcases.HomePageTest"/>
  <testcase name="fakturorDisplayTest" time="21.459" classname="com.mitthsb.qa.testcases.HomePageTest"/>
  <testcase name="mittUpdragLinkTest" time="22.700" classname="com.mitthsb.qa.testcases.HomePageTest"/>
  <testcase name="senatsteAldreHandelserFrameTest" time="20.959" classname="com.mitthsb.qa.testcases.HomePageTest"/>
  <testcase name="goTillKalenderLinkTest" time="25.426" classname="com.mitthsb.qa.testcases.HomePageTest"/>
  <testcase name="priorityNewsFrameTest" time="21.439" classname="com.mitthsb.qa.testcases.HomePageTest"/>
  <testcase name="homePageTitleTest" time="23.798" classname="com.mitthsb.qa.testcases.HomePageTest"/>
  <testcase name="stallIDinListaLinkDisplayTest" time="21.643" classname="com.mitthsb.qa.testcases.HomePageTest"/>
  <testcase name="brfDisplayTest" time="24.503" classname="com.mitthsb.qa.testcases.HomePageTest"/>
  <testcase name="adminTabTest" time="25.940" classname="com.mitthsb.qa.testcases.HomePageTest"/>
  <testcase name="nyttLinkTest" time="22.651" classname="com.mitthsb.qa.testcases.HomePageTest"/>
  <testcase name="ekonomiTabTest" time="24.569" classname="com.mitthsb.qa.testcases.HomePageTest"/>
  <testcase name="EkonomiGenvagarLinkTest" time="62.379" classname="com.mitthsb.qa.testcases.HomePageTest"/>
  <testcase name="stallIDinListaFunctionTest" time="26.847" classname="com.mitthsb.qa.testcases.HomePageTest"/>
  <testcase name="minaSidorlinkTest" time="22.854" classname="com.mitthsb.qa.testcases.HomePageTest"/>
  <testcase name="seAllaNyheterLinkTest" time="25.983" classname="com.mitthsb.qa.testcases.HomePageTest"/>
  <testcase name="nyheterArticleTest" time="23.597" classname="com.mitthsb.qa.testcases.HomePageTest"/>
  <testcase name="genvagarLinkTest" time="64.922" classname="com.mitthsb.qa.testcases.HomePageTest"/>
</testsuite> <!-- com.mitthsb.qa.testcases.HomePageTest -->
