<?xml version="1.0" encoding="UTF-8"?>
<!-- Generated by org.testng.reporters.JUnitReportReporter -->
<testsuite skipped="0" hostname="LNOR070828" name="com.mitthsb.qa.testcases.MinaSidorPageTest" tests="8" failures="0" timestamp="04 nov 2019 14:51:10 GMT" time="246.847" errors="1">
  <testcase name="medelemskapTabDisplayTest" time="35.248" classname="com.mitthsb.qa.testcases.MinaSidorPageTest"/>
  <testcase name="minProfileTabDisplayTest" time="36.946" classname="com.mitthsb.qa.testcases.MinaSidorPageTest"/>
  <testcase name="minBostadTabDisplayTest" time="26.897" classname="com.mitthsb.qa.testcases.MinaSidorPageTest"/>
  <testcase name="minaSidorTitleTest" time="25.873" classname="com.mitthsb.qa.testcases.MinaSidorPageTest">
    <error type="java.lang.NullPointerException">
      <![CDATA[java.lang.NullPointerException
	at com.mitthsb.qa.testcases.MinaSidorPageTest.minaSidorTitleTest(MinaSidorPageTest.java:69)
	at sun.reflect.NativeMethodAccessorImpl.invoke0(Native Method)
	at sun.reflect.NativeMethodAccessorImpl.invoke(Unknown Source)
	at sun.reflect.DelegatingMethodAccessorImpl.invoke(Unknown Source)
	at java.lang.reflect.Method.invoke(Unknown Source)
	at org.testng.internal.MethodInvocationHelper.invokeMethod(MethodInvocationHelper.java:108)
	at org.testng.internal.Invoker.invokeMethod(Invoker.java:661)
	at org.testng.internal.Invoker.invokeTestMethod(Invoker.java:869)
	at org.testng.internal.Invoker.invokeTestMethods(Invoker.java:1193)
	at org.testng.internal.TestMethodWorker.invokeTestMethods(TestMethodWorker.java:126)
	at org.testng.internal.TestMethodWorker.run(TestMethodWorker.java:109)
	at org.testng.TestRunner.privateRun(TestRunner.java:744)
	at org.testng.TestRunner.run(TestRunner.java:602)
	at org.testng.SuiteRunner.runTest(SuiteRunner.java:380)
	at org.testng.SuiteRunner.runSequentially(SuiteRunner.java:375)
	at org.testng.SuiteRunner.privateRun(SuiteRunner.java:340)
	at org.testng.SuiteRunner.run(SuiteRunner.java:289)
	at org.testng.SuiteRunnerWorker.runSuite(SuiteRunnerWorker.java:52)
	at org.testng.SuiteRunnerWorker.run(SuiteRunnerWorker.java:86)
	at org.testng.TestNG.runSuitesSequentially(TestNG.java:1301)
	at org.testng.TestNG.runSuitesLocally(TestNG.java:1226)
	at org.testng.TestNG.runSuites(TestNG.java:1144)
	at org.testng.TestNG.run(TestNG.java:1115)
	at org.testng.remote.AbstractRemoteTestNG.run(AbstractRemoteTestNG.java:115)
	at org.testng.remote.RemoteTestNG.initAndRun(RemoteTestNG.java:251)
	at org.testng.remote.RemoteTestNG.main(RemoteTestNG.java:77)
]]>
    </error>
  </testcase> <!-- minaSidorTitleTest -->
  <testcase name="brfLandingTabDisplayTest" time="36.387" classname="com.mitthsb.qa.testcases.MinaSidorPageTest"/>
  <testcase name="arendenTabDisplayTest" time="27.388" classname="com.mitthsb.qa.testcases.MinaSidorPageTest"/>
  <testcase name="bosparTabDisplayTest" time="32.176" classname="com.mitthsb.qa.testcases.MinaSidorPageTest"/>
  <testcase name="sokBostadTabDisplayTest" time="25.932" classname="com.mitthsb.qa.testcases.MinaSidorPageTest"/>
</testsuite> <!-- com.mitthsb.qa.testcases.MinaSidorPageTest -->
