<?xml version="1.0" encoding="UTF-8"?>
<!-- Generated by org.testng.reporters.JUnitReportReporter -->
<testsuite hostname="LNOR070828" failures="0" tests="1" name="com.mitthsb.qa.testcases.dummy" time="0.003" errors="0" timestamp="18 okt. 2019 13:02:24 GMT" skipped="0">
  <testcase classname="com.mitthsb.qa.testcases.dummy" name="dummyTest" time="0.003"/>
</testsuite> <!-- com.mitthsb.qa.testcases.dummy -->
